03:59:01.813 INFO [GridLauncherV3.parse] - Selenium server version: 3.141.59, revision: e82be7d358
03:59:02.079 INFO [GridLauncherV3.lambda$buildLaunchers$3] - Launching a standalone Selenium Server on port 4444
2021-03-12 03:59:02.254:INFO::main: Logging initialized @1050ms to org.seleniumhq.jetty9.util.log.StdErrLog
03:59:02.940 INFO [WebDriverServlet.<init>] - Initialising WebDriverServlet
03:59:03.095 INFO [SeleniumServer.boot] - Selenium Server is up and running on port 4444
03:59:04.168 INFO [ActiveSessionFactory.apply] - Capabilities are: {
  "browserName": "chrome",
  "chromeOptions": {
    "args": [
      "use-fake-device-for-media-stream",
      "use-fake-ui-for-media-stream"
    ],
    "w3c": false
  },
  "name": "Join Meet"
}
03:59:04.171 INFO [ActiveSessionFactory.lambda$apply$11] - Matched factory org.openqa.selenium.grid.session.remote.ServicedSession$Factory (provider: org.openqa.selenium.chrome.ChromeDriverService)
Starting ChromeDriver 89.0.4389.23 (61b08ee2c50024bab004e48d2b1b083cdbdac579-refs/branch-heads/4389@{#294}) on port 3107
Only local connections are allowed.
Please see https://chromedriver.chromium.org/security-considerations for suggestions on keeping ChromeDriver safe.
ChromeDriver was started successfully.
03:59:07.955 INFO [ProtocolHandshake.createSession] - Detected dialect: OSS
03:59:08.769 INFO [RemoteSession$Factory.lambda$performHandshake$0] - Started new session 6c29f7d8208ebd671f114f3e25169678 (org.openqa.selenium.chrome.ChromeDriverService)
03:59:44.461 INFO [ActiveSessions$1.onStop] - Removing session 6c29f7d8208ebd671f114f3e25169678 (org.openqa.selenium.chrome.ChromeDriverService)
